<?xml version="1.0" encoding="UTF-8"?>
<testsuite name="ConsumerTest" tests="1" skipped="0" failures="1" errors="0" timestamp="2022-06-16T23:48:04" hostname="vinays" time="16.009">
  <properties/>
  <testcase name="testConsumedEarliest" classname="ConsumerTest" time="16.009">
    <failure message="java.lang.AssertionError" type="java.lang.AssertionError">java.lang.AssertionError
	at org.junit.Assert.fail(Assert.java:87)
	at org.junit.Assert.assertTrue(Assert.java:42)
	at org.junit.Assert.assertTrue(Assert.java:53)
	at ConsumerTest.testConsumedEarliest(ConsumerTest.java:16)
	at java.base/jdk.internal.reflect.NativeMethodAccessorImpl.invoke0(Native Method)
	at java.base/jdk.internal.reflect.NativeMethodAccessorImpl.invoke(NativeMethodAccessorImpl.java:62)
	at java.base/jdk.internal.reflect.DelegatingMethodAccessorImpl.invoke(DelegatingMethodAccessorImpl.java:43)
	at java.base/java.lang.reflect.Method.invoke(Method.java:566)
	at org.junit.runners.model.FrameworkMethod$1.runReflectiveCall(FrameworkMethod.java:59)
	at org.junit.internal.runners.model.ReflectiveCallable.run(ReflectiveCallable.java:12)
	at org.junit.runners.model.FrameworkMethod.invokeExplosively(FrameworkMethod.java:56)
	at org.junit.internal.runners.statements.InvokeMethod.evaluate(InvokeMethod.java:17)
	at org.junit.runners.ParentRunner$3.evaluate(ParentRunner.java:306)
	at org.junit.runners.BlockJUnit4ClassRunner$1.evaluate(BlockJUnit4ClassRunner.java:100)
	at org.junit.runners.ParentRunner.runLeaf(ParentRunner.java:366)
	at org.junit.runners.BlockJUnit4ClassRunner.runChild(BlockJUnit4ClassRunner.java:103)
	at org.junit.runners.BlockJUnit4ClassRunner.runChild(BlockJUnit4ClassRunner.java:63)
	at org.junit.runners.ParentRunner$4.run(ParentRunner.java:331)
	at org.junit.runners.ParentRunner$1.schedule(ParentRunner.java:79)
	at org.junit.runners.ParentRunner.runChildren(ParentRunner.java:329)
	at org.junit.runners.ParentRunner.access$100(ParentRunner.java:66)
	at org.junit.runners.ParentRunner$2.evaluate(ParentRunner.java:293)
	at org.junit.runners.ParentRunner$3.evaluate(ParentRunner.java:306)
	at org.junit.runners.ParentRunner.run(ParentRunner.java:413)
	at org.gradle.api.internal.tasks.testing.junit.JUnitTestClassExecutor.runTestClass(JUnitTestClassExecutor.java:110)
	at org.gradle.api.internal.tasks.testing.junit.JUnitTestClassExecutor.execute(JUnitTestClassExecutor.java:58)
	at org.gradle.api.internal.tasks.testing.junit.JUnitTestClassExecutor.execute(JUnitTestClassExecutor.java:38)
	at org.gradle.api.internal.tasks.testing.junit.AbstractJUnitTestClassProcessor.processTestClass(AbstractJUnitTestClassProcessor.java:62)
	at org.gradle.api.internal.tasks.testing.SuiteTestClassProcessor.processTestClass(SuiteTestClassProcessor.java:51)
	at java.base/jdk.internal.reflect.NativeMethodAccessorImpl.invoke0(Native Method)
	at java.base/jdk.internal.reflect.NativeMethodAccessorImpl.invoke(NativeMethodAccessorImpl.java:62)
	at java.base/jdk.internal.reflect.DelegatingMethodAccessorImpl.invoke(DelegatingMethodAccessorImpl.java:43)
	at java.base/java.lang.reflect.Method.invoke(Method.java:566)
	at org.gradle.internal.dispatch.ReflectionDispatch.dispatch(ReflectionDispatch.java:36)
	at org.gradle.internal.dispatch.ReflectionDispatch.dispatch(ReflectionDispatch.java:24)
	at org.gradle.internal.dispatch.ContextClassLoaderDispatch.dispatch(ContextClassLoaderDispatch.java:33)
	at org.gradle.internal.dispatch.ProxyDispatchAdapter$DispatchingInvocationHandler.invoke(ProxyDispatchAdapter.java:94)
	at com.sun.proxy.$Proxy2.processTestClass(Unknown Source)
	at org.gradle.api.internal.tasks.testing.worker.TestWorker$2.run(TestWorker.java:176)
	at org.gradle.api.internal.tasks.testing.worker.TestWorker.executeAndMaintainThreadName(TestWorker.java:129)
	at org.gradle.api.internal.tasks.testing.worker.TestWorker.execute(TestWorker.java:100)
	at org.gradle.api.internal.tasks.testing.worker.TestWorker.execute(TestWorker.java:60)
	at org.gradle.process.internal.worker.child.ActionExecutionWorker.execute(ActionExecutionWorker.java:56)
	at org.gradle.process.internal.worker.child.SystemApplicationClassLoaderWorker.call(SystemApplicationClassLoaderWorker.java:133)
	at org.gradle.process.internal.worker.child.SystemApplicationClassLoaderWorker.call(SystemApplicationClassLoaderWorker.java:71)
	at worker.org.gradle.process.internal.worker.GradleWorkerMain.run(GradleWorkerMain.java:69)
	at worker.org.gradle.process.internal.worker.GradleWorkerMain.main(GradleWorkerMain.java:74)
</failure>
  </testcase>
  <system-out><![CDATA[should be:Gojek, found:Gojek
should be:Vinay, found:Vinay
should be:Kafka-Logsink, found:Kafka-Logsink
should be:Data Enginering, found:Data Engineering
]]></system-out>
  <system-err><![CDATA[[Test worker] INFO org.apache.kafka.clients.consumer.ConsumerConfig - ConsumerConfig values: 
	allow.auto.create.topics = true
	auto.commit.interval.ms = 5000
	auto.offset.reset = earliest
	bootstrap.servers = [127.0.0.1:9092]
	check.crcs = true
	client.dns.lookup = use_all_dns_ips
	client.id = consumer-consumer-group-16june-1
	client.rack = 
	connections.max.idle.ms = 540000
	default.api.timeout.ms = 60000
	enable.auto.commit = true
	exclude.internal.topics = true
	fetch.max.bytes = 52428800
	fetch.max.wait.ms = 500
	fetch.min.bytes = 1
	group.id = consumer-group-16june
	group.instance.id = null
	heartbeat.interval.ms = 3000
	interceptor.classes = []
	internal.leave.group.on.close = true
	internal.throw.on.fetch.stable.offset.unsupported = false
	isolation.level = read_uncommitted
	key.deserializer = class org.apache.kafka.common.serialization.StringDeserializer
	max.partition.fetch.bytes = 1048576
	max.poll.interval.ms = 300000
	max.poll.records = 500
	metadata.max.age.ms = 300000
	metric.reporters = []
	metrics.num.samples = 2
	metrics.recording.level = INFO
	metrics.sample.window.ms = 30000
	partition.assignment.strategy = [class org.apache.kafka.clients.consumer.RangeAssignor, class org.apache.kafka.clients.consumer.CooperativeStickyAssignor]
	receive.buffer.bytes = 65536
	reconnect.backoff.max.ms = 1000
	reconnect.backoff.ms = 50
	request.timeout.ms = 30000
	retry.backoff.ms = 100
	sasl.client.callback.handler.class = null
	sasl.jaas.config = null
	sasl.kerberos.kinit.cmd = /usr/bin/kinit
	sasl.kerberos.min.time.before.relogin = 60000
	sasl.kerberos.service.name = null
	sasl.kerberos.ticket.renew.jitter = 0.05
	sasl.kerberos.ticket.renew.window.factor = 0.8
	sasl.login.callback.handler.class = null
	sasl.login.class = null
	sasl.login.connect.timeout.ms = null
	sasl.login.read.timeout.ms = null
	sasl.login.refresh.buffer.seconds = 300
	sasl.login.refresh.min.period.seconds = 60
	sasl.login.refresh.window.factor = 0.8
	sasl.login.refresh.window.jitter = 0.05
	sasl.login.retry.backoff.max.ms = 10000
	sasl.login.retry.backoff.ms = 100
	sasl.mechanism = GSSAPI
	sasl.oauthbearer.clock.skew.seconds = 30
	sasl.oauthbearer.expected.audience = null
	sasl.oauthbearer.expected.issuer = null
	sasl.oauthbearer.jwks.endpoint.refresh.ms = 3600000
	sasl.oauthbearer.jwks.endpoint.retry.backoff.max.ms = 10000
	sasl.oauthbearer.jwks.endpoint.retry.backoff.ms = 100
	sasl.oauthbearer.jwks.endpoint.url = null
	sasl.oauthbearer.scope.claim.name = scope
	sasl.oauthbearer.sub.claim.name = sub
	sasl.oauthbearer.token.endpoint.url = null
	security.protocol = PLAINTEXT
	security.providers = null
	send.buffer.bytes = 131072
	session.timeout.ms = 45000
	socket.connection.setup.timeout.max.ms = 30000
	socket.connection.setup.timeout.ms = 10000
	ssl.cipher.suites = null
	ssl.enabled.protocols = [TLSv1.2, TLSv1.3]
	ssl.endpoint.identification.algorithm = https
	ssl.engine.factory.class = null
	ssl.key.password = null
	ssl.keymanager.algorithm = SunX509
	ssl.keystore.certificate.chain = null
	ssl.keystore.key = null
	ssl.keystore.location = null
	ssl.keystore.password = null
	ssl.keystore.type = JKS
	ssl.protocol = TLSv1.3
	ssl.provider = null
	ssl.secure.random.implementation = null
	ssl.trustmanager.algorithm = PKIX
	ssl.truststore.certificates = null
	ssl.truststore.location = null
	ssl.truststore.password = null
	ssl.truststore.type = JKS
	value.deserializer = class org.apache.kafka.common.serialization.StringDeserializer

[Test worker] INFO org.apache.kafka.common.utils.AppInfoParser - Kafka version: 3.2.0
[Test worker] INFO org.apache.kafka.common.utils.AppInfoParser - Kafka commitId: 38103ffaa962ef50
[Test worker] INFO org.apache.kafka.common.utils.AppInfoParser - Kafka startTimeMs: 1655423284235
[Test worker] INFO org.apache.kafka.clients.consumer.KafkaConsumer - [Consumer clientId=consumer-consumer-group-16june-1, groupId=consumer-group-16june] Subscribed to topic(s): topic5
[Test worker] INFO LogConsumerString - Polling...
[Test worker] INFO LogConsumerString - Polling...
[Test worker] INFO org.apache.kafka.clients.Metadata - [Consumer clientId=consumer-consumer-group-16june-1, groupId=consumer-group-16june] Resetting the last seen epoch of partition topic5-0 to 0 since the associated topicId changed from null to 9YewAU5NTg2xqRppWzBsCw
[Test worker] INFO org.apache.kafka.clients.Metadata - [Consumer clientId=consumer-consumer-group-16june-1, groupId=consumer-group-16june] Cluster ID: 7F7xlzY7RHGLxwd55NyiUA
[Test worker] INFO org.apache.kafka.clients.consumer.internals.ConsumerCoordinator - [Consumer clientId=consumer-consumer-group-16june-1, groupId=consumer-group-16june] Discovered group coordinator 192.168.1.67:9092 (id: 2147483647 rack: null)
[Test worker] INFO org.apache.kafka.clients.consumer.internals.ConsumerCoordinator - [Consumer clientId=consumer-consumer-group-16june-1, groupId=consumer-group-16june] (Re-)joining group
[Test worker] INFO org.apache.kafka.clients.consumer.internals.ConsumerCoordinator - [Consumer clientId=consumer-consumer-group-16june-1, groupId=consumer-group-16june] Request joining group due to: need to re-join with the given member-id: consumer-consumer-group-16june-1-326dcda9-7e9f-4552-8a19-ad2497aed677
[Test worker] INFO org.apache.kafka.clients.consumer.internals.ConsumerCoordinator - [Consumer clientId=consumer-consumer-group-16june-1, groupId=consumer-group-16june] (Re-)joining group
[Test worker] INFO LogConsumerString - Polling...
[Test worker] INFO LogConsumerString - Polling...
[Test worker] INFO LogConsumerString - Polling...
[Test worker] INFO LogConsumerString - Polling...
[Test worker] INFO LogConsumerString - Polling...
[Test worker] INFO LogConsumerString - Polling...
[Test worker] INFO LogConsumerString - Polling...
[Test worker] INFO LogConsumerString - Polling...
[Test worker] INFO LogConsumerString - Polling...
[Test worker] INFO LogConsumerString - Polling...
[Test worker] INFO LogConsumerString - Polling...
[Test worker] INFO LogConsumerString - Polling...
[Test worker] INFO LogConsumerString - Polling...
[Test worker] INFO LogConsumerString - Polling...
[Test worker] INFO LogConsumerString - Polling...
[Test worker] INFO LogConsumerString - Polling...
[Test worker] INFO LogConsumerString - Polling...
[Test worker] INFO LogConsumerString - Polling...
[Test worker] INFO LogConsumerString - Polling...
[Test worker] INFO LogConsumerString - Polling...
[Test worker] INFO LogConsumerString - Polling...
[Test worker] INFO LogConsumerString - Polling...
[Test worker] INFO LogConsumerString - Polling...
[Test worker] INFO LogConsumerString - Polling...
[Test worker] INFO LogConsumerString - Polling...
[Test worker] INFO LogConsumerString - Polling...
[Test worker] INFO LogConsumerString - Polling...
[Test worker] INFO LogConsumerString - Polling...
[Test worker] INFO LogConsumerString - Polling...
[Test worker] INFO LogConsumerString - Polling...
[Test worker] INFO LogConsumerString - Polling...
[Test worker] INFO LogConsumerString - Polling...
[Test worker] INFO LogConsumerString - Polling...
[Test worker] INFO LogConsumerString - Polling...
[Test worker] INFO LogConsumerString - Polling...
[Test worker] INFO LogConsumerString - Polling...
[Test worker] INFO LogConsumerString - Polling...
[Test worker] INFO LogConsumerString - Polling...
[Test worker] INFO LogConsumerString - Polling...
[Test worker] INFO LogConsumerString - Polling...
[Test worker] INFO LogConsumerString - Polling...
[Test worker] INFO LogConsumerString - Polling...
[Test worker] INFO LogConsumerString - Polling...
[Test worker] INFO LogConsumerString - Polling...
[Test worker] INFO LogConsumerString - Polling...
[Test worker] INFO LogConsumerString - Polling...
[Test worker] INFO LogConsumerString - Polling...
[Test worker] INFO LogConsumerString - Polling...
[Test worker] INFO LogConsumerString - Polling...
[Test worker] INFO LogConsumerString - Polling...
[Test worker] INFO LogConsumerString - Polling...
[Test worker] INFO LogConsumerString - Polling...
[Test worker] INFO LogConsumerString - Polling...
[Test worker] INFO LogConsumerString - Polling...
[Test worker] INFO LogConsumerString - Polling...
[Test worker] INFO LogConsumerString - Polling...
[Test worker] INFO LogConsumerString - Polling...
[Test worker] INFO LogConsumerString - Polling...
[Test worker] INFO LogConsumerString - Polling...
[Test worker] INFO LogConsumerString - Polling...
[Test worker] INFO LogConsumerString - Polling...
[Test worker] INFO LogConsumerString - Polling...
[Test worker] INFO LogConsumerString - Polling...
[Test worker] INFO LogConsumerString - Polling...
[Test worker] INFO LogConsumerString - Polling...
[Test worker] INFO LogConsumerString - Polling...
[Test worker] INFO LogConsumerString - Polling...
[Test worker] INFO LogConsumerString - Polling...
[Test worker] INFO LogConsumerString - Polling...
[Test worker] INFO LogConsumerString - Polling...
[Test worker] INFO LogConsumerString - Polling...
[Test worker] INFO LogConsumerString - Polling...
[Test worker] INFO LogConsumerString - Polling...
[Test worker] INFO LogConsumerString - Polling...
[Test worker] INFO LogConsumerString - Polling...
[Test worker] INFO LogConsumerString - Polling...
[Test worker] INFO LogConsumerString - Polling...
[Test worker] INFO LogConsumerString - Polling...
[Test worker] INFO LogConsumerString - Polling...
[Test worker] INFO LogConsumerString - Polling...
[Test worker] INFO LogConsumerString - Polling...
[Test worker] INFO LogConsumerString - Polling...
[Test worker] INFO LogConsumerString - Polling...
[Test worker] INFO LogConsumerString - Polling...
[Test worker] INFO LogConsumerString - Polling...
[Test worker] INFO LogConsumerString - Polling...
[Test worker] INFO LogConsumerString - Polling...
[Test worker] INFO LogConsumerString - Polling...
[Test worker] INFO LogConsumerString - Polling...
[Test worker] INFO LogConsumerString - Polling...
[Test worker] INFO LogConsumerString - Polling...
[Test worker] INFO LogConsumerString - Polling...
[Test worker] INFO LogConsumerString - Polling...
[Test worker] INFO LogConsumerString - Polling...
[Test worker] INFO LogConsumerString - Polling...
[Test worker] INFO LogConsumerString - Polling...
[Test worker] INFO LogConsumerString - Polling...
[Test worker] INFO LogConsumerString - Polling...
[Test worker] INFO LogConsumerString - Polling...
[Test worker] INFO LogConsumerString - Polling...
[Test worker] INFO LogConsumerString - Polling...
[Test worker] INFO LogConsumerString - Polling...
[Test worker] INFO LogConsumerString - Polling...
[Test worker] INFO LogConsumerString - Polling...
[Test worker] INFO LogConsumerString - Polling...
[Test worker] INFO LogConsumerString - Polling...
[Test worker] INFO LogConsumerString - Polling...
[Test worker] INFO LogConsumerString - Polling...
[Test worker] INFO LogConsumerString - Polling...
[Test worker] INFO LogConsumerString - Polling...
[Test worker] INFO LogConsumerString - Polling...
[Test worker] INFO LogConsumerString - Polling...
[Test worker] INFO LogConsumerString - Polling...
[Test worker] INFO LogConsumerString - Polling...
[Test worker] INFO LogConsumerString - Polling...
[Test worker] INFO LogConsumerString - Polling...
[Test worker] INFO LogConsumerString - Polling...
[Test worker] INFO LogConsumerString - Polling...
[Test worker] INFO LogConsumerString - Polling...
[Test worker] INFO LogConsumerString - Polling...
[Test worker] INFO LogConsumerString - Polling...
[Test worker] INFO LogConsumerString - Polling...
[Test worker] INFO LogConsumerString - Polling...
[Test worker] INFO LogConsumerString - Polling...
[Test worker] INFO LogConsumerString - Polling...
[Test worker] INFO LogConsumerString - Polling...
[Test worker] INFO LogConsumerString - Polling...
[Test worker] INFO LogConsumerString - Polling...
[Test worker] INFO LogConsumerString - Polling...
[Test worker] INFO LogConsumerString - Polling...
[Test worker] INFO LogConsumerString - Polling...
[Test worker] INFO LogConsumerString - Polling...
[Test worker] INFO LogConsumerString - Polling...
[Test worker] INFO LogConsumerString - Polling...
[Test worker] INFO LogConsumerString - Polling...
[Test worker] INFO LogConsumerString - Polling...
[Test worker] INFO LogConsumerString - Polling...
[Test worker] INFO LogConsumerString - Polling...
[Test worker] INFO LogConsumerString - Polling...
[Test worker] INFO LogConsumerString - Polling...
[Test worker] INFO LogConsumerString - Polling...
[Test worker] INFO LogConsumerString - Polling...
[Test worker] INFO LogConsumerString - Polling...
[Test worker] INFO LogConsumerString - Polling...
[Test worker] INFO LogConsumerString - Polling...
[Test worker] INFO LogConsumerString - Polling...
[Test worker] INFO LogConsumerString - Polling...
[Test worker] INFO LogConsumerString - Polling...
[Test worker] INFO LogConsumerString - Polling...
[Test worker] INFO LogConsumerString - Polling...
[Test worker] INFO LogConsumerString - Polling...
[Test worker] INFO LogConsumerString - Polling...
[Test worker] INFO LogConsumerString - Polling...
[Test worker] INFO org.apache.kafka.clients.consumer.internals.ConsumerCoordinator - [Consumer clientId=consumer-consumer-group-16june-1, groupId=consumer-group-16june] Successfully joined group with generation Generation{generationId=10, memberId='consumer-consumer-group-16june-1-326dcda9-7e9f-4552-8a19-ad2497aed677', protocol='range'}
[Test worker] INFO org.apache.kafka.clients.consumer.internals.ConsumerCoordinator - [Consumer clientId=consumer-consumer-group-16june-1, groupId=consumer-group-16june] Finished assignment for group at generation 10: {consumer-consumer-group-16june-1-326dcda9-7e9f-4552-8a19-ad2497aed677=Assignment(partitions=[topic5-0])}
[Test worker] INFO org.apache.kafka.clients.consumer.internals.ConsumerCoordinator - [Consumer clientId=consumer-consumer-group-16june-1, groupId=consumer-group-16june] Successfully synced group in generation Generation{generationId=10, memberId='consumer-consumer-group-16june-1-326dcda9-7e9f-4552-8a19-ad2497aed677', protocol='range'}
[Test worker] INFO org.apache.kafka.clients.consumer.internals.ConsumerCoordinator - [Consumer clientId=consumer-consumer-group-16june-1, groupId=consumer-group-16june] Notifying assignor about the new Assignment(partitions=[topic5-0])
[Test worker] INFO org.apache.kafka.clients.consumer.internals.ConsumerCoordinator - [Consumer clientId=consumer-consumer-group-16june-1, groupId=consumer-group-16june] Adding newly assigned partitions: topic5-0
[Test worker] INFO org.apache.kafka.clients.consumer.internals.ConsumerCoordinator - [Consumer clientId=consumer-consumer-group-16june-1, groupId=consumer-group-16june] Found no committed offset for partition topic5-0
[Test worker] INFO LogConsumerString - Polling...
[Test worker] INFO org.apache.kafka.clients.consumer.internals.SubscriptionState - [Consumer clientId=consumer-consumer-group-16june-1, groupId=consumer-group-16june] Resetting offset for partition topic5-0 to position FetchPosition{offset=0, offsetEpoch=Optional.empty, currentLeader=LeaderAndEpoch{leader=Optional[192.168.1.67:9092 (id: 0 rack: null)], epoch=0}}.
[Test worker] INFO LogConsumerString - key:null, value:Gojek
[Test worker] INFO LogConsumerString - key:null, value:Vinay
[Test worker] INFO LogConsumerString - key:null, value:Kafka-Logsink
[Test worker] INFO LogConsumerString - key:null, value:Data Engineering
]]></system-err>
</testsuite>
